<?xml version="1.0" encoding="UTF-8"?>
<testng-results ignored="0" total="1" passed="1" failed="0" skipped="0">
  <reporter-output>
  </reporter-output>
  <suite started-at="2024-03-12T12:25:52 IST" name="Default suite" finished-at="2024-03-12T12:26:05 IST" duration-ms="12707">
    <groups>
    </groups>
    <test started-at="2024-03-12T12:25:52 IST" name="Default test" finished-at="2024-03-12T12:26:05 IST" duration-ms="12707">
      <class name="com.Login.Login">
        <test-method signature="logincheck()[pri:1, instance:com.Login.Login@2187fff7]" started-at="2024-03-12T12:25:52 IST" name="logincheck" finished-at="2024-03-12T12:26:05 IST" duration-ms="12682" status="PASS">
          <reporter-output>
          </reporter-output>
        </test-method> <!-- logincheck -->
      </class> <!-- com.Login.Login -->
    </test> <!-- Default test -->
  </suite> <!-- Default suite -->
</testng-results>
